07-17 14:56:48 com_github_MitjaNemec_PlaceFootprints.action_place_footprints 378:Plugin executed on: 'darwin'
07-17 14:56:48 com_github_MitjaNemec_PlaceFootprints.action_place_footprints 379:Plugin executed with python version: '3.8.2 (v3.8.2:7b3ab5921f, Feb 24 2020, 17:52:18) \n[Clang 6.0 (clang-600.0.57)]'
07-17 14:56:48 com_github_MitjaNemec_PlaceFootprints.action_place_footprints 380:KiCad build version: (6.0.5-0)
07-17 14:56:48 com_github_MitjaNemec_PlaceFootprints.action_place_footprints 381:Plugin version: 1.2.5
07-17 14:56:48 com_github_MitjaNemec_PlaceFootprints.action_place_footprints 382:Frame repr: <wx._core.Frame object at 0x7f8b24b430d0>
07-17 14:56:48 com_github_MitjaNemec_PlaceFootprints.place_footprints 121:getting a list of all footprints on board
07-17 14:56:48 com_github_MitjaNemec_PlaceFootprints.place_footprints 148:Footprint H4 on root level
07-17 14:56:48 com_github_MitjaNemec_PlaceFootprints.place_footprints 148:Footprint C41 on root level
07-17 14:56:48 com_github_MitjaNemec_PlaceFootprints.place_footprints 148:Footprint R4 on root level
07-17 14:56:48 com_github_MitjaNemec_PlaceFootprints.place_footprints 148:Footprint C61 on root level
07-17 14:56:48 com_github_MitjaNemec_PlaceFootprints.place_footprints 148:Footprint C43 on root level
07-17 14:56:48 com_github_MitjaNemec_PlaceFootprints.place_footprints 148:Footprint C40 on root level
07-17 14:56:48 com_github_MitjaNemec_PlaceFootprints.place_footprints 148:Footprint D45 on root level
07-17 14:56:48 com_github_MitjaNemec_PlaceFootprints.place_footprints 148:Footprint D11 on root level
07-17 14:56:48 com_github_MitjaNemec_PlaceFootprints.place_footprints 148:Footprint Y1 on root level
07-17 14:56:48 com_github_MitjaNemec_PlaceFootprints.place_footprints 148:Footprint C59 on root level
07-17 14:56:48 com_github_MitjaNemec_PlaceFootprints.place_footprints 148:Footprint C65 on root level
07-17 14:56:48 com_github_MitjaNemec_PlaceFootprints.place_footprints 148:Footprint D8 on root level
07-17 14:56:48 com_github_MitjaNemec_PlaceFootprints.place_footprints 148:Footprint C57 on root level
07-17 14:56:48 com_github_MitjaNemec_PlaceFootprints.place_footprints 148:Footprint C66 on root level
07-17 14:56:48 com_github_MitjaNemec_PlaceFootprints.place_footprints 148:Footprint D25 on root level
07-17 14:56:48 com_github_MitjaNemec_PlaceFootprints.place_footprints 148:Footprint C54 on root level
07-17 14:56:48 com_github_MitjaNemec_PlaceFootprints.place_footprints 148:Footprint D28 on root level
07-17 14:56:48 com_github_MitjaNemec_PlaceFootprints.place_footprints 148:Footprint R9 on root level
07-17 14:56:48 com_github_MitjaNemec_PlaceFootprints.place_footprints 148:Footprint R1 on root level
07-17 14:56:48 com_github_MitjaNemec_PlaceFootprints.place_footprints 148:Footprint C47 on root level
07-17 14:56:48 com_github_MitjaNemec_PlaceFootprints.place_footprints 148:Footprint D6 on root level
07-17 14:56:48 com_github_MitjaNemec_PlaceFootprints.place_footprints 148:Footprint C53 on root level
07-17 14:56:48 com_github_MitjaNemec_PlaceFootprints.place_footprints 148:Footprint D10 on root level
07-17 14:56:48 com_github_MitjaNemec_PlaceFootprints.place_footprints 148:Footprint D20 on root level
07-17 14:56:48 com_github_MitjaNemec_PlaceFootprints.place_footprints 148:Footprint C60 on root level
07-17 14:56:48 com_github_MitjaNemec_PlaceFootprints.place_footprints 148:Footprint C52 on root level
07-17 14:56:48 com_github_MitjaNemec_PlaceFootprints.place_footprints 148:Footprint D13 on root level
07-17 14:56:48 com_github_MitjaNemec_PlaceFootprints.place_footprints 148:Footprint D21 on root level
07-17 14:56:48 com_github_MitjaNemec_PlaceFootprints.place_footprints 148:Footprint D40 on root level
07-17 14:56:48 com_github_MitjaNemec_PlaceFootprints.place_footprints 148:Footprint D29 on root level
07-17 14:56:48 com_github_MitjaNemec_PlaceFootprints.place_footprints 148:Footprint SW4 on root level
07-17 14:56:48 com_github_MitjaNemec_PlaceFootprints.place_footprints 148:Footprint D7 on root level
07-17 14:56:48 com_github_MitjaNemec_PlaceFootprints.place_footprints 148:Footprint D3 on root level
07-17 14:56:48 com_github_MitjaNemec_PlaceFootprints.place_footprints 148:Footprint C45 on root level
07-17 14:56:48 com_github_MitjaNemec_PlaceFootprints.place_footprints 148:Footprint C64 on root level
07-17 14:56:48 com_github_MitjaNemec_PlaceFootprints.place_footprints 148:Footprint C6 on root level
07-17 14:56:48 com_github_MitjaNemec_PlaceFootprints.place_footprints 148:Footprint D33 on root level
07-17 14:56:48 com_github_MitjaNemec_PlaceFootprints.place_footprints 148:Footprint C50 on root level
07-17 14:56:48 com_github_MitjaNemec_PlaceFootprints.place_footprints 148:Footprint C62 on root level
07-17 14:56:48 com_github_MitjaNemec_PlaceFootprints.place_footprints 148:Footprint D41 on root level
07-17 14:56:48 com_github_MitjaNemec_PlaceFootprints.place_footprints 148:Footprint C51 on root level
07-17 14:56:48 com_github_MitjaNemec_PlaceFootprints.place_footprints 148:Footprint C70 on root level
07-17 14:56:48 com_github_MitjaNemec_PlaceFootprints.place_footprints 148:Footprint R6 on root level
07-17 14:56:48 com_github_MitjaNemec_PlaceFootprints.place_footprints 148:Footprint H2 on root level
07-17 14:56:48 com_github_MitjaNemec_PlaceFootprints.place_footprints 148:Footprint C58 on root level
07-17 14:56:48 com_github_MitjaNemec_PlaceFootprints.place_footprints 148:Footprint D23 on root level
07-17 14:56:48 com_github_MitjaNemec_PlaceFootprints.place_footprints 148:Footprint D38 on root level
07-17 14:56:48 com_github_MitjaNemec_PlaceFootprints.place_footprints 148:Footprint Y2 on root level
07-17 14:56:48 com_github_MitjaNemec_PlaceFootprints.place_footprints 148:Footprint D1 on root level
07-17 14:56:48 com_github_MitjaNemec_PlaceFootprints.place_footprints 148:Footprint C46 on root level
07-17 14:56:48 com_github_MitjaNemec_PlaceFootprints.place_footprints 148:Footprint H3 on root level
07-17 14:56:48 com_github_MitjaNemec_PlaceFootprints.place_footprints 148:Footprint D4 on root level
07-17 14:56:48 com_github_MitjaNemec_PlaceFootprints.place_footprints 148:Footprint C7 on root level
07-17 14:56:48 com_github_MitjaNemec_PlaceFootprints.place_footprints 148:Footprint C71 on root level
07-17 14:56:48 com_github_MitjaNemec_PlaceFootprints.place_footprints 148:Footprint SW2 on root level
07-17 14:56:48 com_github_MitjaNemec_PlaceFootprints.place_footprints 148:Footprint U4 on root level
07-17 14:56:48 com_github_MitjaNemec_PlaceFootprints.place_footprints 148:Footprint C69 on root level
07-17 14:56:48 com_github_MitjaNemec_PlaceFootprints.place_footprints 148:Footprint C5 on root level
07-17 14:56:48 com_github_MitjaNemec_PlaceFootprints.place_footprints 148:Footprint SW1 on root level
07-17 14:56:48 com_github_MitjaNemec_PlaceFootprints.place_footprints 148:Footprint D22 on root level
07-17 14:56:48 com_github_MitjaNemec_PlaceFootprints.place_footprints 148:Footprint C67 on root level
07-17 14:56:48 com_github_MitjaNemec_PlaceFootprints.place_footprints 148:Footprint D31 on root level
07-17 14:56:48 com_github_MitjaNemec_PlaceFootprints.place_footprints 148:Footprint D34 on root level
07-17 14:56:48 com_github_MitjaNemec_PlaceFootprints.place_footprints 148:Footprint H1 on root level
07-17 14:56:48 com_github_MitjaNemec_PlaceFootprints.place_footprints 148:Footprint SW5 on root level
07-17 14:56:48 com_github_MitjaNemec_PlaceFootprints.place_footprints 148:Footprint D30 on root level
07-17 14:56:48 com_github_MitjaNemec_PlaceFootprints.place_footprints 148:Footprint D5 on root level
07-17 14:56:48 com_github_MitjaNemec_PlaceFootprints.place_footprints 148:Footprint D26 on root level
07-17 14:56:48 com_github_MitjaNemec_PlaceFootprints.place_footprints 148:Footprint D42 on root level
07-17 14:56:48 com_github_MitjaNemec_PlaceFootprints.place_footprints 148:Footprint D9 on root level
07-17 14:56:48 com_github_MitjaNemec_PlaceFootprints.place_footprints 148:Footprint D44 on root level
07-17 14:56:48 com_github_MitjaNemec_PlaceFootprints.place_footprints 148:Footprint U1 on root level
07-17 14:56:48 com_github_MitjaNemec_PlaceFootprints.place_footprints 148:Footprint D14 on root level
07-17 14:56:48 com_github_MitjaNemec_PlaceFootprints.place_footprints 148:Footprint D100 on root level
07-17 14:56:48 com_github_MitjaNemec_PlaceFootprints.place_footprints 148:Footprint C48 on root level
07-17 14:56:48 com_github_MitjaNemec_PlaceFootprints.place_footprints 148:Footprint SW3 on root level
07-17 14:56:48 com_github_MitjaNemec_PlaceFootprints.place_footprints 148:Footprint D12 on root level
07-17 14:56:48 com_github_MitjaNemec_PlaceFootprints.place_footprints 148:Footprint C39 on root level
07-17 14:56:48 com_github_MitjaNemec_PlaceFootprints.place_footprints 148:Footprint C44 on root level
07-17 14:56:48 com_github_MitjaNemec_PlaceFootprints.place_footprints 148:Footprint C42 on root level
07-17 14:56:48 com_github_MitjaNemec_PlaceFootprints.place_footprints 148:Footprint D18 on root level
07-17 14:56:48 com_github_MitjaNemec_PlaceFootprints.place_footprints 148:Footprint C56 on root level
07-17 14:56:48 com_github_MitjaNemec_PlaceFootprints.place_footprints 148:Footprint C1 on root level
07-17 14:56:48 com_github_MitjaNemec_PlaceFootprints.place_footprints 148:Footprint D16 on root level
07-17 14:56:48 com_github_MitjaNemec_PlaceFootprints.place_footprints 148:Footprint C49 on root level
07-17 14:56:48 com_github_MitjaNemec_PlaceFootprints.place_footprints 148:Footprint R7 on root level
07-17 14:56:48 com_github_MitjaNemec_PlaceFootprints.place_footprints 148:Footprint C63 on root level
07-17 14:56:48 com_github_MitjaNemec_PlaceFootprints.place_footprints 148:Footprint D39 on root level
07-17 14:56:48 com_github_MitjaNemec_PlaceFootprints.place_footprints 148:Footprint D35 on root level
07-17 14:56:48 com_github_MitjaNemec_PlaceFootprints.place_footprints 148:Footprint U2 on root level
07-17 14:56:48 com_github_MitjaNemec_PlaceFootprints.place_footprints 148:Footprint U5 on root level
07-17 14:56:48 com_github_MitjaNemec_PlaceFootprints.place_footprints 148:Footprint D17 on root level
07-17 14:56:48 com_github_MitjaNemec_PlaceFootprints.place_footprints 148:Footprint C55 on root level
07-17 14:56:48 com_github_MitjaNemec_PlaceFootprints.place_footprints 148:Footprint D15 on root level
07-17 14:56:48 com_github_MitjaNemec_PlaceFootprints.place_footprints 148:Footprint C3 on root level
07-17 14:56:48 com_github_MitjaNemec_PlaceFootprints.place_footprints 148:Footprint J2 on root level
07-17 14:56:48 com_github_MitjaNemec_PlaceFootprints.place_footprints 148:Footprint R5 on root level
07-17 14:56:48 com_github_MitjaNemec_PlaceFootprints.place_footprints 148:Footprint C2 on root level
07-17 14:56:48 com_github_MitjaNemec_PlaceFootprints.place_footprints 148:Footprint D2 on root level
07-17 14:56:48 com_github_MitjaNemec_PlaceFootprints.place_footprints 148:Footprint D19 on root level
07-17 14:56:48 com_github_MitjaNemec_PlaceFootprints.place_footprints 148:Footprint C4 on root level
07-17 14:56:48 com_github_MitjaNemec_PlaceFootprints.place_footprints 148:Footprint C68 on root level
07-17 14:56:48 com_github_MitjaNemec_PlaceFootprints.place_footprints 148:Footprint C72 on root level
07-17 14:56:48 com_github_MitjaNemec_PlaceFootprints.place_footprints 148:Footprint D27 on root level
07-17 14:56:48 com_github_MitjaNemec_PlaceFootprints.place_footprints 148:Footprint C38 on root level
07-17 14:56:48 com_github_MitjaNemec_PlaceFootprints.place_footprints 148:Footprint R2 on root level
07-17 14:56:48 com_github_MitjaNemec_PlaceFootprints.place_footprints 148:Footprint D43 on root level
07-17 14:56:48 com_github_MitjaNemec_PlaceFootprints.place_footprints 148:Footprint D36 on root level
07-17 14:56:48 com_github_MitjaNemec_PlaceFootprints.place_footprints 148:Footprint D32 on root level
07-17 14:56:48 com_github_MitjaNemec_PlaceFootprints.place_footprints 148:Footprint D24 on root level
07-17 14:56:48 com_github_MitjaNemec_PlaceFootprints.place_footprints 148:Footprint D37 on root level
07-17 14:56:48 com_github_MitjaNemec_PlaceFootprints.place_footprints 148:Footprint R3 on root level
07-17 14:56:48 com_github_MitjaNemec_PlaceFootprints.place_footprints 148:Footprint BT1 on root level
07-17 14:56:48 com_github_MitjaNemec_PlaceFootprints.place_footprints 148:Footprint J1 on root level
07-17 14:56:50 com_github_MitjaNemec_PlaceFootprints.action_place_footprints 570:Reference designator is: D
07-17 14:56:50 com_github_MitjaNemec_PlaceFootprints.action_place_footprints 571:Reference number is: 5
07-17 14:56:50 com_github_MitjaNemec_PlaceFootprints.action_place_footprints 603:Sorted and filtered list:
['D1', 'D2', 'D3', 'D4', 'D5', 'D6', 'D7', 'D8', 'D9', 'D10', 'D11', 'D12', 'D13', 'D14', 'D15', 'D16', 'D17', 'D18', 'D19', 'D20', 'D21', 'D22', 'D23', 'D24', 'D25', 'D26', 'D27', 'D28', 'D29', 'D30', 'D31', 'D32', 'D33', 'D34', 'D35', 'D36', 'D37', 'D38', 'D39', 'D40', 'D41', 'D42', 'D43', 'D44', 'D45', 'D46', 'D47', 'D48', 'D49', 'D50', 'D51', 'D52', 'D53', 'D54', 'D55', 'D56', 'D57', 'D58', 'D59', 'D60', 'D61', 'D62', 'D63', 'D64', 'D65']
